<?xml version="1.0" encoding="UTF-8"?>
<testsuite xmlns:xsi="http://www.w3.org/2001/XMLSchema-instance" xsi:noNamespaceSchemaLocation="https://maven.apache.org/surefire/maven-surefire-plugin/xsd/surefire-test-report-3.0.xsd" version="3.0" name="LengthOfLastWordTest" time="0.056" tests="4" errors="0" skipped="0" failures="0">
  <properties>
[...]
</properties>
  <testcase name="emptyStringTest" classname="LengthOfLastWordTest" time="0.03"/>
  <testcase name="oneWordTest" classname="LengthOfLastWordTest" time="0.001"/>
  <testcase name="sentencesTest" classname="LengthOfLastWordTest" time="0.001"/>
  <testcase name="sentenceWithGapsTest" classname="LengthOfLastWordTest" time="0.0"/>
</testsuite>